<?xml version="1.0" encoding="UTF-8"?>
<robot generator="Robot 4.1.2 (Python 3.10.0 on win32)" generated="20211216 20:25:21.221" rpa="false" schemaversion="2">
<suite id="s1" name="webPythonRobot" source="C:\Users\amit\PycharmProjects\webPythonRobot">
<suite id="s1-s1" name="Tests" source="C:\Users\amit\PycharmProjects\webPythonRobot\tests">
<suite id="s1-s1-s1" name="testDemo1" source="C:\Users\amit\PycharmProjects\webPythonRobot\tests\testDemo1.robot">
<test id="s1-s1-s1-t1" name="invalid username">
<kw name="open the browser with the url" library="generic" type="SETUP">
<arg>${browser_name}</arg>
<arg>${landing_page_url}</arg>
<kw name="Create Webdriver" library="SeleniumLibrary">
<arg>${browser_name}</arg>
<doc>Creates an instance of Selenium WebDriver.</doc>
<msg timestamp="20211216 20:25:21.489" level="INFO">Creating an instance of the Edge WebDriver.</msg>
<status status="PASS" starttime="20211216 20:25:21.489" endtime="20211216 20:25:25.010"/>
</kw>
<kw name="Go To" library="SeleniumLibrary">
<arg>${url}</arg>
<doc>Navigates the current browser window to the provided ``url``.</doc>
<msg timestamp="20211216 20:25:25.017" level="INFO">Opening url 'https://rahulshettyacademy.com/loginpagePractise/'</msg>
<status status="PASS" starttime="20211216 20:25:25.011" endtime="20211216 20:25:26.933"/>
</kw>
<status status="PASS" starttime="20211216 20:25:21.489" endtime="20211216 20:25:26.933"/>
</kw>
<kw name="Validate UnSuccesful Login">
<arg>wrongusername</arg>
<arg>learning</arg>
<kw name="type username and password" library="loginPage">
<arg>${username}</arg>
<arg>${password}</arg>
<kw name="Input Text" library="SeleniumLibrary">
<arg>id:${username_textbox_id}</arg>
<arg>${username}</arg>
<doc>Types the given ``text`` into the text field identified by ``locator``.</doc>
<msg timestamp="20211216 20:25:26.935" level="INFO">Typing text 'wrongusername' into text field 'id:username'.</msg>
<status status="PASS" starttime="20211216 20:25:26.935" endtime="20211216 20:25:27.130"/>
</kw>
<kw name="Input Password" library="SeleniumLibrary">
<arg>id:${password_textbox_id}</arg>
<arg>${password}</arg>
<doc>Types the given password into the text field identified by ``locator``.</doc>
<msg timestamp="20211216 20:25:27.131" level="INFO">Typing password into text field 'id:password'.</msg>
<msg timestamp="20211216 20:25:27.177" level="INFO">Temporally setting log level to: NONE</msg>
<msg timestamp="20211216 20:25:27.238" level="INFO">Log level changed from NONE to INFO.</msg>
<status status="PASS" starttime="20211216 20:25:27.130" endtime="20211216 20:25:27.238"/>
</kw>
<status status="PASS" starttime="20211216 20:25:26.934" endtime="20211216 20:25:27.238"/>
</kw>
<kw name="agree the terms and conditions" library="loginPage">
<kw name="Click Element" library="SeleniumLibrary">
<arg>css:${terms_css_locator}</arg>
<doc>Click the element identified by ``locator``.</doc>
<msg timestamp="20211216 20:25:27.239" level="INFO">Clicking element 'css:.termsText'.</msg>
<status status="PASS" starttime="20211216 20:25:27.238" endtime="20211216 20:25:27.287"/>
</kw>
<status status="PASS" starttime="20211216 20:25:27.238" endtime="20211216 20:25:27.287"/>
</kw>
<kw name="click on the sign in button" library="loginPage">
<kw name="Click Element" library="SeleniumLibrary">
<arg>id:${sign_in_button_id}</arg>
<doc>Click the element identified by ``locator``.</doc>
<msg timestamp="20211216 20:25:27.288" level="INFO">Clicking element 'id:signInBtn'.</msg>
<status status="PASS" starttime="20211216 20:25:27.288" endtime="20211216 20:25:27.340"/>
</kw>
<status status="PASS" starttime="20211216 20:25:27.287" endtime="20211216 20:25:27.341"/>
</kw>
<kw name="validate error message shows Incorrect username/password." library="loginPage">
<kw name="Wait Until Element Is Visible" library="SeleniumLibrary">
<arg>css:${incorrect_alert_css_selector}</arg>
<doc>Waits until the element ``locator`` is visible.</doc>
<status status="PASS" starttime="20211216 20:25:27.342" endtime="20211216 20:25:29.373"/>
</kw>
<kw name="Element Text Should Be" library="SeleniumLibrary">
<arg>css:${incorrect_alert_css_selector}</arg>
<arg>Incorrect username/password.</arg>
<doc>Verifies that element ``locator`` contains exact the text ``expected``.</doc>
<msg timestamp="20211216 20:25:29.374" level="INFO">Verifying element 'css:div[class="alert alert-danger col-md-12"]' contains exact text 'Incorrect username/password.'.</msg>
<status status="PASS" starttime="20211216 20:25:29.373" endtime="20211216 20:25:29.394"/>
</kw>
<status status="PASS" starttime="20211216 20:25:27.341" endtime="20211216 20:25:29.394"/>
</kw>
<status status="PASS" starttime="20211216 20:25:26.933" endtime="20211216 20:25:29.395"/>
</kw>
<status status="PASS" starttime="20211216 20:25:21.487" endtime="20211216 20:25:29.395"/>
</test>
<test id="s1-s1-s1-t2" name="invalid password">
<kw name="open the browser with the url" library="generic" type="SETUP">
<arg>${browser_name}</arg>
<arg>${landing_page_url}</arg>
<kw name="Create Webdriver" library="SeleniumLibrary">
<arg>${browser_name}</arg>
<doc>Creates an instance of Selenium WebDriver.</doc>
<msg timestamp="20211216 20:25:29.399" level="INFO">Creating an instance of the Edge WebDriver.</msg>
<status status="PASS" starttime="20211216 20:25:29.399" endtime="20211216 20:25:32.989"/>
</kw>
<kw name="Go To" library="SeleniumLibrary">
<arg>${url}</arg>
<doc>Navigates the current browser window to the provided ``url``.</doc>
<msg timestamp="20211216 20:25:32.990" level="INFO">Opening url 'https://rahulshettyacademy.com/loginpagePractise/'</msg>
<status status="PASS" starttime="20211216 20:25:32.989" endtime="20211216 20:25:35.142"/>
</kw>
<status status="PASS" starttime="20211216 20:25:29.399" endtime="20211216 20:25:35.143"/>
</kw>
<kw name="Validate UnSuccesful Login">
<arg>rahulshettyacademy</arg>
<arg>wrgpas</arg>
<kw name="type username and password" library="loginPage">
<arg>${username}</arg>
<arg>${password}</arg>
<kw name="Input Text" library="SeleniumLibrary">
<arg>id:${username_textbox_id}</arg>
<arg>${username}</arg>
<doc>Types the given ``text`` into the text field identified by ``locator``.</doc>
<msg timestamp="20211216 20:25:35.152" level="INFO">Typing text 'rahulshettyacademy' into text field 'id:username'.</msg>
<status status="PASS" starttime="20211216 20:25:35.149" endtime="20211216 20:25:35.467"/>
</kw>
<kw name="Input Password" library="SeleniumLibrary">
<arg>id:${password_textbox_id}</arg>
<arg>${password}</arg>
<doc>Types the given password into the text field identified by ``locator``.</doc>
<msg timestamp="20211216 20:25:35.468" level="INFO">Typing password into text field 'id:password'.</msg>
<msg timestamp="20211216 20:25:35.578" level="INFO">Temporally setting log level to: NONE</msg>
<msg timestamp="20211216 20:25:35.647" level="INFO">Log level changed from NONE to INFO.</msg>
<status status="PASS" starttime="20211216 20:25:35.467" endtime="20211216 20:25:35.647"/>
</kw>
<status status="PASS" starttime="20211216 20:25:35.148" endtime="20211216 20:25:35.647"/>
</kw>
<kw name="agree the terms and conditions" library="loginPage">
<kw name="Click Element" library="SeleniumLibrary">
<arg>css:${terms_css_locator}</arg>
<doc>Click the element identified by ``locator``.</doc>
<msg timestamp="20211216 20:25:35.648" level="INFO">Clicking element 'css:.termsText'.</msg>
<status status="PASS" starttime="20211216 20:25:35.648" endtime="20211216 20:25:35.717"/>
</kw>
<status status="PASS" starttime="20211216 20:25:35.647" endtime="20211216 20:25:35.717"/>
</kw>
<kw name="click on the sign in button" library="loginPage">
<kw name="Click Element" library="SeleniumLibrary">
<arg>id:${sign_in_button_id}</arg>
<doc>Click the element identified by ``locator``.</doc>
<msg timestamp="20211216 20:25:35.718" level="INFO">Clicking element 'id:signInBtn'.</msg>
<status status="PASS" starttime="20211216 20:25:35.718" endtime="20211216 20:25:35.786"/>
</kw>
<status status="PASS" starttime="20211216 20:25:35.718" endtime="20211216 20:25:35.786"/>
</kw>
<kw name="validate error message shows Incorrect username/password." library="loginPage">
<kw name="Wait Until Element Is Visible" library="SeleniumLibrary">
<arg>css:${incorrect_alert_css_selector}</arg>
<doc>Waits until the element ``locator`` is visible.</doc>
<status status="PASS" starttime="20211216 20:25:35.787" endtime="20211216 20:25:37.903"/>
</kw>
<kw name="Element Text Should Be" library="SeleniumLibrary">
<arg>css:${incorrect_alert_css_selector}</arg>
<arg>Incorrect username/password.</arg>
<doc>Verifies that element ``locator`` contains exact the text ``expected``.</doc>
<msg timestamp="20211216 20:25:37.903" level="INFO">Verifying element 'css:div[class="alert alert-danger col-md-12"]' contains exact text 'Incorrect username/password.'.</msg>
<status status="PASS" starttime="20211216 20:25:37.903" endtime="20211216 20:25:37.946"/>
</kw>
<status status="PASS" starttime="20211216 20:25:35.787" endtime="20211216 20:25:37.946"/>
</kw>
<status status="PASS" starttime="20211216 20:25:35.145" endtime="20211216 20:25:37.946"/>
</kw>
<status status="PASS" starttime="20211216 20:25:29.397" endtime="20211216 20:25:37.946"/>
</test>
<test id="s1-s1-s1-t3" name="invalid credentials">
<kw name="open the browser with the url" library="generic" type="SETUP">
<arg>${browser_name}</arg>
<arg>${landing_page_url}</arg>
<kw name="Create Webdriver" library="SeleniumLibrary">
<arg>${browser_name}</arg>
<doc>Creates an instance of Selenium WebDriver.</doc>
<msg timestamp="20211216 20:25:37.953" level="INFO">Creating an instance of the Edge WebDriver.</msg>
<status status="PASS" starttime="20211216 20:25:37.953" endtime="20211216 20:25:41.682"/>
</kw>
<kw name="Go To" library="SeleniumLibrary">
<arg>${url}</arg>
<doc>Navigates the current browser window to the provided ``url``.</doc>
<msg timestamp="20211216 20:25:41.683" level="INFO">Opening url 'https://rahulshettyacademy.com/loginpagePractise/'</msg>
<status status="PASS" starttime="20211216 20:25:41.682" endtime="20211216 20:25:44.656"/>
</kw>
<status status="PASS" starttime="20211216 20:25:37.952" endtime="20211216 20:25:44.656"/>
</kw>
<kw name="Validate UnSuccesful Login">
<arg>wrongwrng</arg>
<arg>wrnng</arg>
<kw name="type username and password" library="loginPage">
<arg>${username}</arg>
<arg>${password}</arg>
<kw name="Input Text" library="SeleniumLibrary">
<arg>id:${username_textbox_id}</arg>
<arg>${username}</arg>
<doc>Types the given ``text`` into the text field identified by ``locator``.</doc>
<msg timestamp="20211216 20:25:44.661" level="INFO">Typing text 'wrongwrng' into text field 'id:username'.</msg>
<status status="PASS" starttime="20211216 20:25:44.660" endtime="20211216 20:25:44.919"/>
</kw>
<kw name="Input Password" library="SeleniumLibrary">
<arg>id:${password_textbox_id}</arg>
<arg>${password}</arg>
<doc>Types the given password into the text field identified by ``locator``.</doc>
<msg timestamp="20211216 20:25:44.921" level="INFO">Typing password into text field 'id:password'.</msg>
<msg timestamp="20211216 20:25:44.990" level="INFO">Temporally setting log level to: NONE</msg>
<msg timestamp="20211216 20:25:45.070" level="INFO">Log level changed from NONE to INFO.</msg>
<status status="PASS" starttime="20211216 20:25:44.919" endtime="20211216 20:25:45.070"/>
</kw>
<status status="PASS" starttime="20211216 20:25:44.659" endtime="20211216 20:25:45.070"/>
</kw>
<kw name="agree the terms and conditions" library="loginPage">
<kw name="Click Element" library="SeleniumLibrary">
<arg>css:${terms_css_locator}</arg>
<doc>Click the element identified by ``locator``.</doc>
<msg timestamp="20211216 20:25:45.071" level="INFO">Clicking element 'css:.termsText'.</msg>
<status status="PASS" starttime="20211216 20:25:45.071" endtime="20211216 20:25:45.148"/>
</kw>
<status status="PASS" starttime="20211216 20:25:45.070" endtime="20211216 20:25:45.148"/>
</kw>
<kw name="click on the sign in button" library="loginPage">
<kw name="Click Element" library="SeleniumLibrary">
<arg>id:${sign_in_button_id}</arg>
<doc>Click the element identified by ``locator``.</doc>
<msg timestamp="20211216 20:25:45.151" level="INFO">Clicking element 'id:signInBtn'.</msg>
<status status="PASS" starttime="20211216 20:25:45.150" endtime="20211216 20:25:45.231"/>
</kw>
<status status="PASS" starttime="20211216 20:25:45.149" endtime="20211216 20:25:45.231"/>
</kw>
<kw name="validate error message shows Incorrect username/password." library="loginPage">
<kw name="Wait Until Element Is Visible" library="SeleniumLibrary">
<arg>css:${incorrect_alert_css_selector}</arg>
<doc>Waits until the element ``locator`` is visible.</doc>
<status status="PASS" starttime="20211216 20:25:45.234" endtime="20211216 20:25:47.425"/>
</kw>
<kw name="Element Text Should Be" library="SeleniumLibrary">
<arg>css:${incorrect_alert_css_selector}</arg>
<arg>Incorrect username/password.</arg>
<doc>Verifies that element ``locator`` contains exact the text ``expected``.</doc>
<msg timestamp="20211216 20:25:47.428" level="INFO">Verifying element 'css:div[class="alert alert-danger col-md-12"]' contains exact text 'Incorrect username/password.'.</msg>
<status status="PASS" starttime="20211216 20:25:47.425" endtime="20211216 20:25:47.494"/>
</kw>
<status status="PASS" starttime="20211216 20:25:45.232" endtime="20211216 20:25:47.496"/>
</kw>
<status status="PASS" starttime="20211216 20:25:44.658" endtime="20211216 20:25:47.497"/>
</kw>
<status status="PASS" starttime="20211216 20:25:37.949" endtime="20211216 20:25:47.499"/>
</test>
<doc>login page test demo using robot framework and page objects</doc>
<status status="PASS" starttime="20211216 20:25:21.252" endtime="20211216 20:25:47.504"/>
</suite>
<status status="PASS" starttime="20211216 20:25:21.248" endtime="20211216 20:25:47.525"/>
</suite>
<status status="PASS" starttime="20211216 20:25:21.223" endtime="20211216 20:25:47.543"/>
</suite>
<statistics>
<total>
<stat pass="3" fail="0" skip="0">All Tests</stat>
</total>
<tag>
</tag>
<suite>
<stat pass="3" fail="0" skip="0" id="s1" name="webPythonRobot">webPythonRobot</stat>
<stat pass="3" fail="0" skip="0" id="s1-s1" name="Tests">webPythonRobot.Tests</stat>
<stat pass="3" fail="0" skip="0" id="s1-s1-s1" name="testDemo1">webPythonRobot.Tests.testDemo1</stat>
</suite>
</statistics>
<errors>
</errors>
</robot>
