<?xml version="1.0" encoding="UTF-8"?>
<robot generator="Robot 4.1.2 (Python 3.10.0 on win32)" generated="20211216 20:41:01.523" rpa="false" schemaversion="2">
<suite id="s1" name="testDemo2" source="C:\Users\amit\PycharmProjects\webPythonRobot\tests\testDemo2.robot">
<test id="s1-t1" name="Validate Successful Login">
<kw name="open the browser with the url" library="generic" type="SETUP">
<arg>${browser_name}</arg>
<arg>${landing_page_url}</arg>
<kw name="Create Webdriver" library="SeleniumLibrary">
<arg>${browser_name}</arg>
<doc>Creates an instance of Selenium WebDriver.</doc>
<msg timestamp="20211216 20:41:01.836" level="INFO">Creating an instance of the Edge WebDriver.</msg>
<status status="PASS" starttime="20211216 20:41:01.836" endtime="20211216 20:41:05.283"/>
</kw>
<kw name="Go To" library="SeleniumLibrary">
<arg>${url}</arg>
<doc>Navigates the current browser window to the provided ``url``.</doc>
<msg timestamp="20211216 20:41:05.284" level="INFO">Opening url 'https://rahulshettyacademy.com/loginpagePractise/'</msg>
<status status="PASS" starttime="20211216 20:41:05.283" endtime="20211216 20:41:08.956"/>
</kw>
<status status="PASS" starttime="20211216 20:41:01.835" endtime="20211216 20:41:08.956"/>
</kw>
<kw name="type username and password" library="loginPage">
<arg>${valid_username}</arg>
<arg>${valid_password}</arg>
<kw name="Input Text" library="SeleniumLibrary">
<arg>id:${username_textbox_id}</arg>
<arg>${username}</arg>
<doc>Types the given ``text`` into the text field identified by ``locator``.</doc>
<msg timestamp="20211216 20:41:08.958" level="INFO">Typing text 'rahulshettyacademy' into text field 'id:username'.</msg>
<status status="PASS" starttime="20211216 20:41:08.957" endtime="20211216 20:41:09.080"/>
</kw>
<kw name="Input Password" library="SeleniumLibrary">
<arg>id:${password_textbox_id}</arg>
<arg>${password}</arg>
<doc>Types the given password into the text field identified by ``locator``.</doc>
<msg timestamp="20211216 20:41:09.081" level="INFO">Typing password into text field 'id:password'.</msg>
<msg timestamp="20211216 20:41:09.137" level="INFO">Temporally setting log level to: NONE</msg>
<msg timestamp="20211216 20:41:09.184" level="INFO">Log level changed from NONE to INFO.</msg>
<status status="PASS" starttime="20211216 20:41:09.080" endtime="20211216 20:41:09.184"/>
</kw>
<status status="PASS" starttime="20211216 20:41:08.957" endtime="20211216 20:41:09.185"/>
</kw>
<kw name="agree the terms and conditions" library="loginPage">
<kw name="Click Element" library="SeleniumLibrary">
<arg>css:${terms_css_locator}</arg>
<doc>Click the element identified by ``locator``.</doc>
<msg timestamp="20211216 20:41:09.186" level="INFO">Clicking element 'css:.termsText'.</msg>
<status status="PASS" starttime="20211216 20:41:09.185" endtime="20211216 20:41:09.229"/>
</kw>
<status status="PASS" starttime="20211216 20:41:09.185" endtime="20211216 20:41:09.230"/>
</kw>
<kw name="click on the sign in button" library="loginPage">
<kw name="Click Element" library="SeleniumLibrary">
<arg>id:${sign_in_button_id}</arg>
<doc>Click the element identified by ``locator``.</doc>
<msg timestamp="20211216 20:41:09.231" level="INFO">Clicking element 'id:signInBtn'.</msg>
<status status="PASS" starttime="20211216 20:41:09.230" endtime="20211216 20:41:09.284"/>
</kw>
<status status="PASS" starttime="20211216 20:41:09.230" endtime="20211216 20:41:09.284"/>
</kw>
<kw name="validate the login was successful" library="loginPage">
<kw name="Wait Until Element Is Visible" library="SeleniumLibrary">
<arg>${next_page_xpath_selector}</arg>
<doc>Waits until the element ``locator`` is visible.</doc>
<status status="PASS" starttime="20211216 20:41:09.285" endtime="20211216 20:41:19.726"/>
</kw>
<kw name="Title Should Be" library="SeleniumLibrary">
<arg>ProtoCommerce</arg>
<doc>Verifies that the current page title equals ``title``.</doc>
<msg timestamp="20211216 20:41:19.731" level="INFO">Page title is 'ProtoCommerce'.</msg>
<status status="PASS" starttime="20211216 20:41:19.726" endtime="20211216 20:41:19.731"/>
</kw>
<status status="PASS" starttime="20211216 20:41:09.284" endtime="20211216 20:41:19.731"/>
</kw>
<kw name="Close Browser" library="SeleniumLibrary" type="TEARDOWN">
<doc>Closes the current browser.</doc>
<status status="PASS" starttime="20211216 20:41:19.732" endtime="20211216 20:41:21.974"/>
</kw>
<status status="PASS" starttime="20211216 20:41:01.835" endtime="20211216 20:41:21.975"/>
</test>
<doc>Valid login page test demo using robot framework and page objects</doc>
<status status="PASS" starttime="20211216 20:41:01.524" endtime="20211216 20:41:21.977"/>
</suite>
<statistics>
<total>
<stat pass="1" fail="0" skip="0">All Tests</stat>
</total>
<tag>
</tag>
<suite>
<stat pass="1" fail="0" skip="0" id="s1" name="testDemo2">testDemo2</stat>
</suite>
</statistics>
<errors>
</errors>
</robot>
